<?xml version="1.0" encoding="UTF-8" standalone="yes"?><!DOCTYPE report PUBLIC "-//JACOCO//DTD Report 1.1//EN" "report.dtd"><report name="drinkus-domain"><sessioninfo id="DESKTOP-KVCQHCD-a9248cd6" start="1659932466917" dump="1659932467702"/><package name="com/ssafy/drinkus/category/domain"><class name="com/ssafy/drinkus/category/domain/SubCategoryRepository" sourcefilename="SubCategoryRepository.java"/><class name="com/ssafy/drinkus/category/domain/SubCategory" sourcefilename="SubCategory.java"><method name="&lt;init&gt;" desc="()V" line="14"><counter type="INSTRUCTION" missed="8" covered="0"/><counter type="LINE" missed="2" covered="0"/><counter type="COMPLEXITY" missed="1" covered="0"/><counter type="METHOD" missed="1" covered="0"/></method><method name="&lt;init&gt;" desc="(Ljava/lang/Long;Ljava/lang/String;Lcom/ssafy/drinkus/category/domain/Category;Ljava/util/List;)V" line="15"><counter type="INSTRUCTION" missed="20" covered="0"/><counter type="LINE" missed="2" covered="0"/><counter type="COMPLEXITY" missed="1" covered="0"/><counter type="METHOD" missed="1" covered="0"/></method><method name="getSubCategoryId" desc="()Ljava/lang/Long;" line="21"><counter type="INSTRUCTION" missed="3" covered="0"/><counter type="LINE" missed="1" covered="0"/><counter type="COMPLEXITY" missed="1" covered="0"/><counter type="METHOD" missed="1" covered="0"/></method><method name="getSubCategoryName" desc="()Ljava/lang/String;" line="23"><counter type="INSTRUCTION" missed="3" covered="0"/><counter type="LINE" missed="1" covered="0"/><counter type="COMPLEXITY" missed="1" covered="0"/><counter type="METHOD" missed="1" covered="0"/></method><method name="getCategory" desc="()Lcom/ssafy/drinkus/category/domain/Category;" line="27"><counter type="INSTRUCTION" missed="3" covered="0"/><counter type="LINE" missed="1" covered="0"/><counter type="COMPLEXITY" missed="1" covered="0"/><counter type="METHOD" missed="1" covered="0"/></method><method name="getUserSubCategoryList" desc="()Ljava/util/List;" line="30"><counter type="INSTRUCTION" missed="3" covered="0"/><counter type="LINE" missed="1" covered="0"/><counter type="COMPLEXITY" missed="1" covered="0"/><counter type="METHOD" missed="1" covered="0"/></method><counter type="INSTRUCTION" missed="40" covered="0"/><counter type="LINE" missed="7" covered="0"/><counter type="COMPLEXITY" missed="6" covered="0"/><counter type="METHOD" missed="6" covered="0"/><counter type="CLASS" missed="1" covered="0"/></class><class name="com/ssafy/drinkus/category/domain/CategoryRepository" sourcefilename="CategoryRepository.java"/><class name="com/ssafy/drinkus/category/domain/Category" sourcefilename="Category.java"><method name="&lt;init&gt;" desc="()V" line="14"><counter type="INSTRUCTION" missed="13" covered="0"/><counter type="LINE" missed="3" covered="0"/><counter type="COMPLEXITY" missed="1" covered="0"/><counter type="METHOD" missed="1" covered="0"/></method><method name="&lt;init&gt;" desc="(Ljava/lang/Long;Ljava/lang/String;Ljava/util/List;Ljava/util/List;)V" line="15"><counter type="INSTRUCTION" missed="25" covered="0"/><counter type="LINE" missed="3" covered="0"/><counter type="COMPLEXITY" missed="1" covered="0"/><counter type="METHOD" missed="1" covered="0"/></method><method name="getCategoryId" desc="()Ljava/lang/Long;" line="21"><counter type="INSTRUCTION" missed="3" covered="0"/><counter type="LINE" missed="1" covered="0"/><counter type="COMPLEXITY" missed="1" covered="0"/><counter type="METHOD" missed="1" covered="0"/></method><method name="getCategoryName" desc="()Ljava/lang/String;" line="23"><counter type="INSTRUCTION" missed="3" covered="0"/><counter type="LINE" missed="1" covered="0"/><counter type="COMPLEXITY" missed="1" covered="0"/><counter type="METHOD" missed="1" covered="0"/></method><method name="getRoomList" desc="()Ljava/util/List;" line="26"><counter type="INSTRUCTION" missed="3" covered="0"/><counter type="LINE" missed="1" covered="0"/><counter type="COMPLEXITY" missed="1" covered="0"/><counter type="METHOD" missed="1" covered="0"/></method><method name="getSubCategoryList" desc="()Ljava/util/List;" line="29"><counter type="INSTRUCTION" missed="3" covered="0"/><counter type="LINE" missed="1" covered="0"/><counter type="COMPLEXITY" missed="1" covered="0"/><counter type="METHOD" missed="1" covered="0"/></method><counter type="INSTRUCTION" missed="50" covered="0"/><counter type="LINE" missed="8" covered="0"/><counter type="COMPLEXITY" missed="6" covered="0"/><counter type="METHOD" missed="6" covered="0"/><counter type="CLASS" missed="1" covered="0"/></class><sourcefile name="CategoryRepository.java"/><sourcefile name="Category.java"><line nr="14" mi="2" ci="0" mb="0" cb="0"/><line nr="15" mi="15" ci="0" mb="0" cb="0"/><line nr="21" mi="3" ci="0" mb="0" cb="0"/><line nr="23" mi="3" ci="0" mb="0" cb="0"/><line nr="25" mi="10" ci="0" mb="0" cb="0"/><line nr="26" mi="3" ci="0" mb="0" cb="0"/><line nr="28" mi="11" ci="0" mb="0" cb="0"/><line nr="29" mi="3" ci="0" mb="0" cb="0"/><counter type="INSTRUCTION" missed="50" covered="0"/><counter type="LINE" missed="8" covered="0"/><counter type="COMPLEXITY" missed="6" covered="0"/><counter type="METHOD" missed="6" covered="0"/><counter type="CLASS" missed="1" covered="0"/></sourcefile><sourcefile name="SubCategory.java"><line nr="14" mi="2" ci="0" mb="0" cb="0"/><line nr="15" mi="15" ci="0" mb="0" cb="0"/><line nr="21" mi="3" ci="0" mb="0" cb="0"/><line nr="23" mi="3" ci="0" mb="0" cb="0"/><line nr="27" mi="3" ci="0" mb="0" cb="0"/><line nr="29" mi="11" ci="0" mb="0" cb="0"/><line nr="30" mi="3" ci="0" mb="0" cb="0"/><counter type="INSTRUCTION" missed="40" covered="0"/><counter type="LINE" missed="7" covered="0"/><counter type="COMPLEXITY" missed="6" covered="0"/><counter type="METHOD" missed="6" covered="0"/><counter type="CLASS" missed="1" covered="0"/></sourcefile><sourcefile name="SubCategoryRepository.java"/><counter type="INSTRUCTION" missed="90" covered="0"/><counter type="LINE" missed="15" covered="0"/><counter type="COMPLEXITY" missed="12" covered="0"/><counter type="METHOD" missed="12" covered="0"/><counter type="CLASS" missed="2" covered="0"/></package><package name="com/ssafy/drinkus/common"><class name="com/ssafy/drinkus/common/BaseEntity" sourcefilename="BaseEntity.java"><method name="&lt;init&gt;" desc="()V" line="17"><counter type="INSTRUCTION" missed="3" covered="0"/><counter type="LINE" missed="1" covered="0"/><counter type="COMPLEXITY" missed="1" covered="0"/><counter type="METHOD" missed="1" covered="0"/></method><method name="getCreatedDate" desc="()Ljava/time/LocalDateTime;" line="20"><counter type="INSTRUCTION" missed="3" covered="0"/><counter type="LINE" missed="1" covered="0"/><counter type="COMPLEXITY" missed="1" covered="0"/><counter type="METHOD" missed="1" covered="0"/></method><method name="getModifiedDate" desc="()Ljava/time/LocalDateTime;" line="23"><counter type="INSTRUCTION" missed="3" covered="0"/><counter type="LINE" missed="1" covered="0"/><counter type="COMPLEXITY" missed="1" covered="0"/><counter type="METHOD" missed="1" covered="0"/></method><counter type="INSTRUCTION" missed="9" covered="0"/><counter type="LINE" missed="3" covered="0"/><counter type="COMPLEXITY" missed="3" covered="0"/><counter type="METHOD" missed="3" covered="0"/><counter type="CLASS" missed="1" covered="0"/></class><sourcefile name="BaseEntity.java"><line nr="17" mi="3" ci="0" mb="0" cb="0"/><line nr="20" mi="3" ci="0" mb="0" cb="0"/><line nr="23" mi="3" ci="0" mb="0" cb="0"/><counter type="INSTRUCTION" missed="9" covered="0"/><counter type="LINE" missed="3" covered="0"/><counter type="COMPLEXITY" missed="3" covered="0"/><counter type="METHOD" missed="3" covered="0"/><counter type="CLASS" missed="1" covered="0"/></sourcefile><counter type="INSTRUCTION" missed="9" covered="0"/><counter type="LINE" missed="3" covered="0"/><counter type="COMPLEXITY" missed="3" covered="0"/><counter type="METHOD" missed="3" covered="0"/><counter type="CLASS" missed="1" covered="0"/></package><package name="com/ssafy/drinkus/friend/domain"><class name="com/ssafy/drinkus/friend/domain/Friend" sourcefilename="Friend.java"><method name="createFriend" desc="(Lcom/ssafy/drinkus/user/domain/User;Lcom/ssafy/drinkus/user/domain/User;)Lcom/ssafy/drinkus/friend/domain/Friend;" line="32"><counter type="INSTRUCTION" missed="12" covered="0"/><counter type="LINE" missed="4" covered="0"/><counter type="COMPLEXITY" missed="1" covered="0"/><counter type="METHOD" missed="1" covered="0"/></method><method name="&lt;init&gt;" desc="()V" line="13"><counter type="INSTRUCTION" missed="3" covered="0"/><counter type="LINE" missed="1" covered="0"/><counter type="COMPLEXITY" missed="1" covered="0"/><counter type="METHOD" missed="1" covered="0"/></method><method name="&lt;init&gt;" desc="(Ljava/lang/Long;Lcom/ssafy/drinkus/user/domain/User;Lcom/ssafy/drinkus/user/domain/User;)V" line="14"><counter type="INSTRUCTION" missed="12" covered="0"/><counter type="LINE" missed="1" covered="0"/><counter type="COMPLEXITY" missed="1" covered="0"/><counter type="METHOD" missed="1" covered="0"/></method><method name="getFriendId" desc="()Ljava/lang/Long;" line="20"><counter type="INSTRUCTION" missed="3" covered="0"/><counter type="LINE" missed="1" covered="0"/><counter type="COMPLEXITY" missed="1" covered="0"/><counter type="METHOD" missed="1" covered="0"/></method><method name="getFromUser" desc="()Lcom/ssafy/drinkus/user/domain/User;" line="24"><counter type="INSTRUCTION" missed="3" covered="0"/><counter type="LINE" missed="1" covered="0"/><counter type="COMPLEXITY" missed="1" covered="0"/><counter type="METHOD" missed="1" covered="0"/></method><method name="getToUser" desc="()Lcom/ssafy/drinkus/user/domain/User;" line="28"><counter type="INSTRUCTION" missed="3" covered="0"/><counter type="LINE" missed="1" covered="0"/><counter type="COMPLEXITY" missed="1" covered="0"/><counter type="METHOD" missed="1" covered="0"/></method><counter type="INSTRUCTION" missed="36" covered="0"/><counter type="LINE" missed="9" covered="0"/><counter type="COMPLEXITY" missed="6" covered="0"/><counter type="METHOD" missed="6" covered="0"/><counter type="CLASS" missed="1" covered="0"/></class><class name="com/ssafy/drinkus/friend/domain/FriendRepository" sourcefilename="FriendRepository.java"/><sourcefile name="Friend.java"><line nr="13" mi="3" ci="0" mb="0" cb="0"/><line nr="14" mi="12" ci="0" mb="0" cb="0"/><line nr="20" mi="3" ci="0" mb="0" cb="0"/><line nr="24" mi="3" ci="0" mb="0" cb="0"/><line nr="28" mi="3" ci="0" mb="0" cb="0"/><line nr="32" mi="4" ci="0" mb="0" cb="0"/><line nr="33" mi="3" ci="0" mb="0" cb="0"/><line nr="34" mi="3" ci="0" mb="0" cb="0"/><line nr="35" mi="2" ci="0" mb="0" cb="0"/><counter type="INSTRUCTION" missed="36" covered="0"/><counter type="LINE" missed="9" covered="0"/><counter type="COMPLEXITY" missed="6" covered="0"/><counter type="METHOD" missed="6" covered="0"/><counter type="CLASS" missed="1" covered="0"/></sourcefile><sourcefile name="FriendRepository.java"/><counter type="INSTRUCTION" missed="36" covered="0"/><counter type="LINE" missed="9" covered="0"/><counter type="COMPLEXITY" missed="6" covered="0"/><counter type="METHOD" missed="6" covered="0"/><counter type="CLASS" missed="1" covered="0"/></package><package name="com/ssafy/drinkus/chat/domain"><class name="com/ssafy/drinkus/chat/domain/ChatRoomRepository" sourcefilename="ChatRoomRepository.java"/><class name="com/ssafy/drinkus/chat/domain/Chat" sourcefilename="Chat.java"><method name="createChat" desc="(Ljava/lang/Long;Ljava/lang/Long;Ljava/lang/String;Ljava/lang/String;Ljava/lang/Long;)Lcom/ssafy/drinkus/chat/domain/Chat;" line="30"><counter type="INSTRUCTION" missed="21" covered="0"/><counter type="LINE" missed="7" covered="0"/><counter type="COMPLEXITY" missed="1" covered="0"/><counter type="METHOD" missed="1" covered="0"/></method><method name="getChatId" desc="()Ljava/lang/Long;" line="19"><counter type="INSTRUCTION" missed="3" covered="0"/><counter type="LINE" missed="1" covered="0"/><counter type="COMPLEXITY" missed="1" covered="0"/><counter type="METHOD" missed="1" covered="0"/></method><method name="getUserId" desc="()Ljava/lang/Long;" line="21"><counter type="INSTRUCTION" missed="3" covered="0"/><counter type="LINE" missed="1" covered="0"/><counter type="COMPLEXITY" missed="1" covered="0"/><counter type="METHOD" missed="1" covered="0"/></method><method name="getSender" desc="()Ljava/lang/String;" line="23"><counter type="INSTRUCTION" missed="3" covered="0"/><counter type="LINE" missed="1" covered="0"/><counter type="COMPLEXITY" missed="1" covered="0"/><counter type="METHOD" missed="1" covered="0"/></method><method name="getContent" desc="()Ljava/lang/String;" line="25"><counter type="INSTRUCTION" missed="3" covered="0"/><counter type="LINE" missed="1" covered="0"/><counter type="COMPLEXITY" missed="1" covered="0"/><counter type="METHOD" missed="1" covered="0"/></method><method name="getRoomId" desc="()Ljava/lang/Long;" line="27"><counter type="INSTRUCTION" missed="3" covered="0"/><counter type="LINE" missed="1" covered="0"/><counter type="COMPLEXITY" missed="1" covered="0"/><counter type="METHOD" missed="1" covered="0"/></method><method name="&lt;init&gt;" desc="(Ljava/lang/Long;Ljava/lang/Long;Ljava/lang/String;Ljava/lang/String;Ljava/lang/Long;)V" line="13"><counter type="INSTRUCTION" missed="18" covered="0"/><counter type="LINE" missed="1" covered="0"/><counter type="COMPLEXITY" missed="1" covered="0"/><counter type="METHOD" missed="1" covered="0"/></method><method name="&lt;init&gt;" desc="()V" line="14"><counter type="INSTRUCTION" missed="3" covered="0"/><counter type="LINE" missed="1" covered="0"/><counter type="COMPLEXITY" missed="1" covered="0"/><counter type="METHOD" missed="1" covered="0"/></method><counter type="INSTRUCTION" missed="57" covered="0"/><counter type="LINE" missed="14" covered="0"/><counter type="COMPLEXITY" missed="8" covered="0"/><counter type="METHOD" missed="8" covered="0"/><counter type="CLASS" missed="1" covered="0"/></class><class name="com/ssafy/drinkus/chat/domain/ChatRepository" sourcefilename="ChatRepository.java"/><sourcefile name="ChatRepository.java"/><sourcefile name="Chat.java"><line nr="13" mi="18" ci="0" mb="0" cb="0"/><line nr="14" mi="3" ci="0" mb="0" cb="0"/><line nr="19" mi="3" ci="0" mb="0" cb="0"/><line nr="21" mi="3" ci="0" mb="0" cb="0"/><line nr="23" mi="3" ci="0" mb="0" cb="0"/><line nr="25" mi="3" ci="0" mb="0" cb="0"/><line nr="27" mi="3" ci="0" mb="0" cb="0"/><line nr="30" mi="4" ci="0" mb="0" cb="0"/><line nr="31" mi="3" ci="0" mb="0" cb="0"/><line nr="32" mi="3" ci="0" mb="0" cb="0"/><line nr="33" mi="3" ci="0" mb="0" cb="0"/><line nr="34" mi="3" ci="0" mb="0" cb="0"/><line nr="35" mi="3" ci="0" mb="0" cb="0"/><line nr="36" mi="2" ci="0" mb="0" cb="0"/><counter type="INSTRUCTION" missed="57" covered="0"/><counter type="LINE" missed="14" covered="0"/><counter type="COMPLEXITY" missed="8" covered="0"/><counter type="METHOD" missed="8" covered="0"/><counter type="CLASS" missed="1" covered="0"/></sourcefile><sourcefile name="ChatRoomRepository.java"/><counter type="INSTRUCTION" missed="57" covered="0"/><counter type="LINE" missed="14" covered="0"/><counter type="COMPLEXITY" missed="8" covered="0"/><counter type="METHOD" missed="8" covered="0"/><counter type="CLASS" missed="1" covered="0"/></package><package name="com/ssafy/drinkus/common/type"><class name="com/ssafy/drinkus/common/type/YN" sourcefilename="YN.java"><method name="&lt;clinit&gt;" desc="()V" line="3"><counter type="INSTRUCTION" missed="15" covered="0"/><counter type="LINE" missed="2" covered="0"/><counter type="COMPLEXITY" missed="1" covered="0"/><counter type="METHOD" missed="1" covered="0"/></method><counter type="INSTRUCTION" missed="15" covered="0"/><counter type="LINE" missed="2" covered="0"/><counter type="COMPLEXITY" missed="1" covered="0"/><counter type="METHOD" missed="1" covered="0"/><counter type="CLASS" missed="1" covered="0"/></class><class name="com/ssafy/drinkus/common/type/TokenType" sourcefilename="TokenType.java"><method name="&lt;clinit&gt;" desc="()V" line="3"><counter type="INSTRUCTION" missed="15" covered="0"/><counter type="LINE" missed="2" covered="0"/><counter type="COMPLEXITY" missed="1" covered="0"/><counter type="METHOD" missed="1" covered="0"/></method><counter type="INSTRUCTION" missed="15" covered="0"/><counter type="LINE" missed="2" covered="0"/><counter type="COMPLEXITY" missed="1" covered="0"/><counter type="METHOD" missed="1" covered="0"/><counter type="CLASS" missed="1" covered="0"/></class><sourcefile name="YN.java"><line nr="3" mi="3" ci="0" mb="0" cb="0"/><line nr="4" mi="12" ci="0" mb="0" cb="0"/><counter type="INSTRUCTION" missed="15" covered="0"/><counter type="LINE" missed="2" covered="0"/><counter type="COMPLEXITY" missed="1" covered="0"/><counter type="METHOD" missed="1" covered="0"/><counter type="CLASS" missed="1" covered="0"/></sourcefile><sourcefile name="TokenType.java"><line nr="3" mi="3" ci="0" mb="0" cb="0"/><line nr="4" mi="12" ci="0" mb="0" cb="0"/><counter type="INSTRUCTION" missed="15" covered="0"/><counter type="LINE" missed="2" covered="0"/><counter type="COMPLEXITY" missed="1" covered="0"/><counter type="METHOD" missed="1" covered="0"/><counter type="CLASS" missed="1" covered="0"/></sourcefile><counter type="INSTRUCTION" missed="30" covered="0"/><counter type="LINE" missed="4" covered="0"/><counter type="COMPLEXITY" missed="2" covered="0"/><counter type="METHOD" missed="2" covered="0"/><counter type="CLASS" missed="2" covered="0"/></package><package name="com/ssafy/drinkus/dailyboard/domain"><class name="com/ssafy/drinkus/dailyboard/domain/DailyBoard" sourcefilename="DailyBoard.java"><method name="createDailyBoard" desc="(Lcom/ssafy/drinkus/user/domain/User;Lcom/ssafy/drinkus/user/domain/User;Ljava/lang/String;)Lcom/ssafy/drinkus/dailyboard/domain/DailyBoard;" line="36"><counter type="INSTRUCTION" missed="15" covered="0"/><counter type="LINE" missed="5" covered="0"/><counter type="COMPLEXITY" missed="1" covered="0"/><counter type="METHOD" missed="1" covered="0"/></method><method name="createDailyBoard" desc="(Lcom/ssafy/drinkus/user/domain/User;Lcom/ssafy/drinkus/user/domain/User;Ljava/lang/String;Ljava/lang/Long;)Lcom/ssafy/drinkus/dailyboard/domain/DailyBoard;" line="47"><counter type="INSTRUCTION" missed="18" covered="0"/><counter type="LINE" missed="6" covered="0"/><counter type="COMPLEXITY" missed="1" covered="0"/><counter type="METHOD" missed="1" covered="0"/></method><method name="updateDailyBoard" desc="(Lcom/ssafy/drinkus/user/domain/User;Ljava/lang/String;)V" line="58"><counter type="INSTRUCTION" missed="7" covered="0"/><counter type="LINE" missed="3" covered="0"/><counter type="COMPLEXITY" missed="1" covered="0"/><counter type="METHOD" missed="1" covered="0"/></method><method name="&lt;init&gt;" desc="()V" line="13"><counter type="INSTRUCTION" missed="3" covered="0"/><counter type="LINE" missed="1" covered="0"/><counter type="COMPLEXITY" missed="1" covered="0"/><counter type="METHOD" missed="1" covered="0"/></method><method name="&lt;init&gt;" desc="(Ljava/lang/Long;Lcom/ssafy/drinkus/user/domain/User;Lcom/ssafy/drinkus/user/domain/User;Ljava/lang/String;Ljava/lang/Long;)V" line="14"><counter type="INSTRUCTION" missed="18" covered="0"/><counter type="LINE" missed="1" covered="0"/><counter type="COMPLEXITY" missed="1" covered="0"/><counter type="METHOD" missed="1" covered="0"/></method><method name="getBoardId" desc="()Ljava/lang/Long;" line="20"><counter type="INSTRUCTION" missed="3" covered="0"/><counter type="LINE" missed="1" covered="0"/><counter type="COMPLEXITY" missed="1" covered="0"/><counter type="METHOD" missed="1" covered="0"/></method><method name="getCreater" desc="()Lcom/ssafy/drinkus/user/domain/User;" line="24"><counter type="INSTRUCTION" missed="3" covered="0"/><counter type="LINE" missed="1" covered="0"/><counter type="COMPLEXITY" missed="1" covered="0"/><counter type="METHOD" missed="1" covered="0"/></method><method name="getModifier" desc="()Lcom/ssafy/drinkus/user/domain/User;" line="28"><counter type="INSTRUCTION" missed="3" covered="0"/><counter type="LINE" missed="1" covered="0"/><counter type="COMPLEXITY" missed="1" covered="0"/><counter type="METHOD" missed="1" covered="0"/></method><method name="getBoardContent" desc="()Ljava/lang/String;" line="30"><counter type="INSTRUCTION" missed="3" covered="0"/><counter type="LINE" missed="1" covered="0"/><counter type="COMPLEXITY" missed="1" covered="0"/><counter type="METHOD" missed="1" covered="0"/></method><method name="getParentId" desc="()Ljava/lang/Long;" line="32"><counter type="INSTRUCTION" missed="3" covered="0"/><counter type="LINE" missed="1" covered="0"/><counter type="COMPLEXITY" missed="1" covered="0"/><counter type="METHOD" missed="1" covered="0"/></method><counter type="INSTRUCTION" missed="76" covered="0"/><counter type="LINE" missed="21" covered="0"/><counter type="COMPLEXITY" missed="10" covered="0"/><counter type="METHOD" missed="10" covered="0"/><counter type="CLASS" missed="1" covered="0"/></class><class name="com/ssafy/drinkus/dailyboard/domain/DailyBoardRepository" sourcefilename="DailyBoardRepository.java"/><sourcefile name="DailyBoardRepository.java"/><sourcefile name="DailyBoard.java"><line nr="13" mi="3" ci="0" mb="0" cb="0"/><line nr="14" mi="18" ci="0" mb="0" cb="0"/><line nr="20" mi="3" ci="0" mb="0" cb="0"/><line nr="24" mi="3" ci="0" mb="0" cb="0"/><line nr="28" mi="3" ci="0" mb="0" cb="0"/><line nr="30" mi="3" ci="0" mb="0" cb="0"/><line nr="32" mi="3" ci="0" mb="0" cb="0"/><line nr="36" mi="4" ci="0" mb="0" cb="0"/><line nr="38" mi="3" ci="0" mb="0" cb="0"/><line nr="39" mi="3" ci="0" mb="0" cb="0"/><line nr="40" mi="3" ci="0" mb="0" cb="0"/><line nr="42" mi="2" ci="0" mb="0" cb="0"/><line nr="47" mi="4" ci="0" mb="0" cb="0"/><line nr="49" mi="3" ci="0" mb="0" cb="0"/><line nr="50" mi="3" ci="0" mb="0" cb="0"/><line nr="51" mi="3" ci="0" mb="0" cb="0"/><line nr="52" mi="3" ci="0" mb="0" cb="0"/><line nr="54" mi="2" ci="0" mb="0" cb="0"/><line nr="58" mi="3" ci="0" mb="0" cb="0"/><line nr="59" mi="3" ci="0" mb="0" cb="0"/><line nr="60" mi="1" ci="0" mb="0" cb="0"/><counter type="INSTRUCTION" missed="76" covered="0"/><counter type="LINE" missed="21" covered="0"/><counter type="COMPLEXITY" missed="10" covered="0"/><counter type="METHOD" missed="10" covered="0"/><counter type="CLASS" missed="1" covered="0"/></sourcefile><counter type="INSTRUCTION" missed="76" covered="0"/><counter type="LINE" missed="21" covered="0"/><counter type="COMPLEXITY" missed="10" covered="0"/><counter type="METHOD" missed="10" covered="0"/><counter type="CLASS" missed="1" covered="0"/></package><package name="com/ssafy/drinkus/emailauth/domain"><class name="com/ssafy/drinkus/emailauth/domain/EmailAuth" sourcefilename="EmailAuth.java"><method name="createEmailAuth" desc="(Ljava/lang/String;Ljava/lang/String;)Lcom/ssafy/drinkus/emailauth/domain/EmailAuth;" line="33"><counter type="INSTRUCTION" missed="20" covered="0"/><counter type="LINE" missed="6" covered="0"/><counter type="COMPLEXITY" missed="1" covered="0"/><counter type="METHOD" missed="1" covered="0"/></method><method name="useToken" desc="()V" line="44"><counter type="INSTRUCTION" missed="4" covered="0"/><counter type="LINE" missed="2" covered="0"/><counter type="COMPLEXITY" missed="1" covered="0"/><counter type="METHOD" missed="1" covered="0"/></method><method name="getId" desc="()Ljava/lang/Long;" line="21"><counter type="INSTRUCTION" missed="3" covered="0"/><counter type="LINE" missed="1" covered="0"/><counter type="COMPLEXITY" missed="1" covered="0"/><counter type="METHOD" missed="1" covered="0"/></method><method name="getUserName" desc="()Ljava/lang/String;" line="23"><counter type="INSTRUCTION" missed="3" covered="0"/><counter type="LINE" missed="1" covered="0"/><counter type="COMPLEXITY" missed="1" covered="0"/><counter type="METHOD" missed="1" covered="0"/></method><method name="getAuthToken" desc="()Ljava/lang/String;" line="25"><counter type="INSTRUCTION" missed="3" covered="0"/><counter type="LINE" missed="1" covered="0"/><counter type="COMPLEXITY" missed="1" covered="0"/><counter type="METHOD" missed="1" covered="0"/></method><method name="getExpired" desc="()Lcom/ssafy/drinkus/common/type/YN;" line="28"><counter type="INSTRUCTION" missed="3" covered="0"/><counter type="LINE" missed="1" covered="0"/><counter type="COMPLEXITY" missed="1" covered="0"/><counter type="METHOD" missed="1" covered="0"/></method><method name="getExpireDate" desc="()Ljava/time/LocalDateTime;" line="30"><counter type="INSTRUCTION" missed="3" covered="0"/><counter type="LINE" missed="1" covered="0"/><counter type="COMPLEXITY" missed="1" covered="0"/><counter type="METHOD" missed="1" covered="0"/></method><method name="&lt;init&gt;" desc="()V" line="14"><counter type="INSTRUCTION" missed="3" covered="0"/><counter type="LINE" missed="1" covered="0"/><counter type="COMPLEXITY" missed="1" covered="0"/><counter type="METHOD" missed="1" covered="0"/></method><method name="&lt;init&gt;" desc="(Ljava/lang/Long;Ljava/lang/String;Ljava/lang/String;Lcom/ssafy/drinkus/common/type/YN;Ljava/time/LocalDateTime;)V" line="15"><counter type="INSTRUCTION" missed="18" covered="0"/><counter type="LINE" missed="1" covered="0"/><counter type="COMPLEXITY" missed="1" covered="0"/><counter type="METHOD" missed="1" covered="0"/></method><counter type="INSTRUCTION" missed="60" covered="0"/><counter type="LINE" missed="15" covered="0"/><counter type="COMPLEXITY" missed="9" covered="0"/><counter type="METHOD" missed="9" covered="0"/><counter type="CLASS" missed="1" covered="0"/></class><class name="com/ssafy/drinkus/emailauth/domain/EmailAuthRepository" sourcefilename="EmailAuthRepository.java"/><sourcefile name="EmailAuthRepository.java"/><sourcefile name="EmailAuth.java"><line nr="14" mi="3" ci="0" mb="0" cb="0"/><line nr="15" mi="18" ci="0" mb="0" cb="0"/><line nr="21" mi="3" ci="0" mb="0" cb="0"/><line nr="23" mi="3" ci="0" mb="0" cb="0"/><line nr="25" mi="3" ci="0" mb="0" cb="0"/><line nr="28" mi="3" ci="0" mb="0" cb="0"/><line nr="30" mi="3" ci="0" mb="0" cb="0"/><line nr="33" mi="4" ci="0" mb="0" cb="0"/><line nr="34" mi="3" ci="0" mb="0" cb="0"/><line nr="35" mi="3" ci="0" mb="0" cb="0"/><line nr="36" mi="3" ci="0" mb="0" cb="0"/><line nr="37" mi="5" ci="0" mb="0" cb="0"/><line nr="39" mi="2" ci="0" mb="0" cb="0"/><line nr="44" mi="3" ci="0" mb="0" cb="0"/><line nr="45" mi="1" ci="0" mb="0" cb="0"/><counter type="INSTRUCTION" missed="60" covered="0"/><counter type="LINE" missed="15" covered="0"/><counter type="COMPLEXITY" missed="9" covered="0"/><counter type="METHOD" missed="9" covered="0"/><counter type="CLASS" missed="1" covered="0"/></sourcefile><counter type="INSTRUCTION" missed="60" covered="0"/><counter type="LINE" missed="15" covered="0"/><counter type="COMPLEXITY" missed="9" covered="0"/><counter type="METHOD" missed="9" covered="0"/><counter type="CLASS" missed="1" covered="0"/></package><package name="com/ssafy/drinkus/room/domain"><class name="com/ssafy/drinkus/room/domain/Room" sourcefilename="Room.java"><method name="setAges" desc="(Lcom/ssafy/drinkus/room/domain/Room;[Lcom/ssafy/drinkus/common/type/YN;)V" line="75"><counter type="INSTRUCTION" missed="31" covered="0"/><counter type="LINE" missed="7" covered="0"/><counter type="COMPLEXITY" missed="1" covered="0"/><counter type="METHOD" missed="1" covered="0"/></method><method name="createRoom" desc="(Ljava/lang/String;Lcom/ssafy/drinkus/user/domain/User;Ljava/lang/String;Ljava/lang/String;Ljava/lang/Integer;[Lcom/ssafy/drinkus/common/type/YN;Lcom/ssafy/drinkus/category/domain/Category;)Lcom/ssafy/drinkus/room/domain/Room;" line="86"><counter type="INSTRUCTION" missed="27" covered="0"/><counter type="LINE" missed="9" covered="0"/><counter type="COMPLEXITY" missed="1" covered="0"/><counter type="METHOD" missed="1" covered="0"/></method><method name="updateRoom" desc="(Ljava/lang/String;Ljava/lang/String;Ljava/lang/Integer;[Lcom/ssafy/drinkus/common/type/YN;Lcom/ssafy/drinkus/category/domain/Category;)V" line="99"><counter type="INSTRUCTION" missed="16" covered="0"/><counter type="LINE" missed="6" covered="0"/><counter type="COMPLEXITY" missed="1" covered="0"/><counter type="METHOD" missed="1" covered="0"/></method><method name="&lt;init&gt;" desc="()V" line="15"><counter type="INSTRUCTION" missed="18" covered="0"/><counter type="LINE" missed="4" covered="0"/><counter type="COMPLEXITY" missed="1" covered="0"/><counter type="METHOD" missed="1" covered="0"/></method><method name="&lt;init&gt;" desc="(Ljava/lang/Long;Ljava/lang/String;Lcom/ssafy/drinkus/user/domain/User;Ljava/lang/String;Ljava/lang/String;Ljava/lang/Integer;Lcom/ssafy/drinkus/common/type/YN;Lcom/ssafy/drinkus/common/type/YN;Lcom/ssafy/drinkus/common/type/YN;Lcom/ssafy/drinkus/common/type/YN;Lcom/ssafy/drinkus/common/type/YN;Lcom/ssafy/drinkus/common/type/YN;Lcom/ssafy/drinkus/category/domain/Category;Ljava/util/List;Ljava/util/List;Ljava/util/List;)V" line="16"><counter type="INSTRUCTION" missed="66" covered="0"/><counter type="LINE" missed="4" covered="0"/><counter type="COMPLEXITY" missed="1" covered="0"/><counter type="METHOD" missed="1" covered="0"/></method><method name="getRoomId" desc="()Ljava/lang/Long;" line="22"><counter type="INSTRUCTION" missed="3" covered="0"/><counter type="LINE" missed="1" covered="0"/><counter type="COMPLEXITY" missed="1" covered="0"/><counter type="METHOD" missed="1" covered="0"/></method><method name="getRoomName" desc="()Ljava/lang/String;" line="24"><counter type="INSTRUCTION" missed="3" covered="0"/><counter type="LINE" missed="1" covered="0"/><counter type="COMPLEXITY" missed="1" covered="0"/><counter type="METHOD" missed="1" covered="0"/></method><method name="getUser" desc="()Lcom/ssafy/drinkus/user/domain/User;" line="29"><counter type="INSTRUCTION" missed="3" covered="0"/><counter type="LINE" missed="1" covered="0"/><counter type="COMPLEXITY" missed="1" covered="0"/><counter type="METHOD" missed="1" covered="0"/></method><method name="getRoomPw" desc="()Ljava/lang/String;" line="31"><counter type="INSTRUCTION" missed="3" covered="0"/><counter type="LINE" missed="1" covered="0"/><counter type="COMPLEXITY" missed="1" covered="0"/><counter type="METHOD" missed="1" covered="0"/></method><method name="getPlaceTheme" desc="()Ljava/lang/String;" line="33"><counter type="INSTRUCTION" missed="3" covered="0"/><counter type="LINE" missed="1" covered="0"/><counter type="COMPLEXITY" missed="1" covered="0"/><counter type="METHOD" missed="1" covered="0"/></method><method name="getPeopleLimit" desc="()Ljava/lang/Integer;" line="35"><counter type="INSTRUCTION" missed="3" covered="0"/><counter type="LINE" missed="1" covered="0"/><counter type="COMPLEXITY" missed="1" covered="0"/><counter type="METHOD" missed="1" covered="0"/></method><method name="getAges20" desc="()Lcom/ssafy/drinkus/common/type/YN;" line="39"><counter type="INSTRUCTION" missed="3" covered="0"/><counter type="LINE" missed="1" covered="0"/><counter type="COMPLEXITY" missed="1" covered="0"/><counter type="METHOD" missed="1" covered="0"/></method><method name="getAges30" desc="()Lcom/ssafy/drinkus/common/type/YN;" line="43"><counter type="INSTRUCTION" missed="3" covered="0"/><counter type="LINE" missed="1" covered="0"/><counter type="COMPLEXITY" missed="1" covered="0"/><counter type="METHOD" missed="1" covered="0"/></method><method name="getAges40" desc="()Lcom/ssafy/drinkus/common/type/YN;" line="47"><counter type="INSTRUCTION" missed="3" covered="0"/><counter type="LINE" missed="1" covered="0"/><counter type="COMPLEXITY" missed="1" covered="0"/><counter type="METHOD" missed="1" covered="0"/></method><method name="getAges50" desc="()Lcom/ssafy/drinkus/common/type/YN;" line="51"><counter type="INSTRUCTION" missed="3" covered="0"/><counter type="LINE" missed="1" covered="0"/><counter type="COMPLEXITY" missed="1" covered="0"/><counter type="METHOD" missed="1" covered="0"/></method><method name="getAges60" desc="()Lcom/ssafy/drinkus/common/type/YN;" line="55"><counter type="INSTRUCTION" missed="3" covered="0"/><counter type="LINE" missed="1" covered="0"/><counter type="COMPLEXITY" missed="1" covered="0"/><counter type="METHOD" missed="1" covered="0"/></method><method name="getAges70" desc="()Lcom/ssafy/drinkus/common/type/YN;" line="59"><counter type="INSTRUCTION" missed="3" covered="0"/><counter type="LINE" missed="1" covered="0"/><counter type="COMPLEXITY" missed="1" covered="0"/><counter type="METHOD" missed="1" covered="0"/></method><method name="getCategory" desc="()Lcom/ssafy/drinkus/category/domain/Category;" line="63"><counter type="INSTRUCTION" missed="3" covered="0"/><counter type="LINE" missed="1" covered="0"/><counter type="COMPLEXITY" missed="1" covered="0"/><counter type="METHOD" missed="1" covered="0"/></method><method name="getRoomHistories" desc="()Ljava/util/List;" line="66"><counter type="INSTRUCTION" missed="3" covered="0"/><counter type="LINE" missed="1" covered="0"/><counter type="COMPLEXITY" missed="1" covered="0"/><counter type="METHOD" missed="1" covered="0"/></method><method name="getFromFriends" desc="()Ljava/util/List;" line="69"><counter type="INSTRUCTION" missed="3" covered="0"/><counter type="LINE" missed="1" covered="0"/><counter type="COMPLEXITY" missed="1" covered="0"/><counter type="METHOD" missed="1" covered="0"/></method><method name="getToFriends" desc="()Ljava/util/List;" line="72"><counter type="INSTRUCTION" missed="3" covered="0"/><counter type="LINE" missed="1" covered="0"/><counter type="COMPLEXITY" missed="1" covered="0"/><counter type="METHOD" missed="1" covered="0"/></method><counter type="INSTRUCTION" missed="206" covered="0"/><counter type="LINE" missed="43" covered="0"/><counter type="COMPLEXITY" missed="21" covered="0"/><counter type="METHOD" missed="21" covered="0"/><counter type="CLASS" missed="1" covered="0"/></class><class name="com/ssafy/drinkus/room/domain/RoomHistoryRepository" sourcefilename="RoomHistoryRepository.java"/><class name="com/ssafy/drinkus/room/domain/RoomHistory" sourcefilename="RoomHistory.java"><method name="createRoomHistory" desc="(Lcom/ssafy/drinkus/room/domain/Room;Lcom/ssafy/drinkus/user/domain/User;)Lcom/ssafy/drinkus/room/domain/RoomHistory;" line="32"><counter type="INSTRUCTION" missed="12" covered="0"/><counter type="LINE" missed="4" covered="0"/><counter type="COMPLEXITY" missed="1" covered="0"/><counter type="METHOD" missed="1" covered="0"/></method><method name="updateRoomHistory" desc="(Lcom/ssafy/drinkus/room/domain/Room;Lcom/ssafy/drinkus/user/domain/User;)V" line="40"><counter type="INSTRUCTION" missed="7" covered="0"/><counter type="LINE" missed="3" covered="0"/><counter type="COMPLEXITY" missed="1" covered="0"/><counter type="METHOD" missed="1" covered="0"/></method><method name="&lt;init&gt;" desc="()V" line="13"><counter type="INSTRUCTION" missed="3" covered="0"/><counter type="LINE" missed="1" covered="0"/><counter type="COMPLEXITY" missed="1" covered="0"/><counter type="METHOD" missed="1" covered="0"/></method><method name="&lt;init&gt;" desc="(Ljava/lang/Long;Lcom/ssafy/drinkus/room/domain/Room;Lcom/ssafy/drinkus/user/domain/User;)V" line="14"><counter type="INSTRUCTION" missed="12" covered="0"/><counter type="LINE" missed="1" covered="0"/><counter type="COMPLEXITY" missed="1" covered="0"/><counter type="METHOD" missed="1" covered="0"/></method><method name="getRoomHistoryId" desc="()Ljava/lang/Long;" line="20"><counter type="INSTRUCTION" missed="3" covered="0"/><counter type="LINE" missed="1" covered="0"/><counter type="COMPLEXITY" missed="1" covered="0"/><counter type="METHOD" missed="1" covered="0"/></method><method name="getRoom" desc="()Lcom/ssafy/drinkus/room/domain/Room;" line="24"><counter type="INSTRUCTION" missed="3" covered="0"/><counter type="LINE" missed="1" covered="0"/><counter type="COMPLEXITY" missed="1" covered="0"/><counter type="METHOD" missed="1" covered="0"/></method><method name="getUser" desc="()Lcom/ssafy/drinkus/user/domain/User;" line="28"><counter type="INSTRUCTION" missed="3" covered="0"/><counter type="LINE" missed="1" covered="0"/><counter type="COMPLEXITY" missed="1" covered="0"/><counter type="METHOD" missed="1" covered="0"/></method><counter type="INSTRUCTION" missed="43" covered="0"/><counter type="LINE" missed="12" covered="0"/><counter type="COMPLEXITY" missed="7" covered="0"/><counter type="METHOD" missed="7" covered="0"/><counter type="CLASS" missed="1" covered="0"/></class><class name="com/ssafy/drinkus/room/domain/RoomRepository" sourcefilename="RoomRepository.java"/><sourcefile name="RoomHistoryRepository.java"/><sourcefile name="RoomHistory.java"><line nr="13" mi="3" ci="0" mb="0" cb="0"/><line nr="14" mi="12" ci="0" mb="0" cb="0"/><line nr="20" mi="3" ci="0" mb="0" cb="0"/><line nr="24" mi="3" ci="0" mb="0" cb="0"/><line nr="28" mi="3" ci="0" mb="0" cb="0"/><line nr="32" mi="4" ci="0" mb="0" cb="0"/><line nr="33" mi="3" ci="0" mb="0" cb="0"/><line nr="34" mi="3" ci="0" mb="0" cb="0"/><line nr="35" mi="2" ci="0" mb="0" cb="0"/><line nr="40" mi="3" ci="0" mb="0" cb="0"/><line nr="41" mi="3" ci="0" mb="0" cb="0"/><line nr="42" mi="1" ci="0" mb="0" cb="0"/><counter type="INSTRUCTION" missed="43" covered="0"/><counter type="LINE" missed="12" covered="0"/><counter type="COMPLEXITY" missed="7" covered="0"/><counter type="METHOD" missed="7" covered="0"/><counter type="CLASS" missed="1" covered="0"/></sourcefile><sourcefile name="Room.java"><line nr="15" mi="2" ci="0" mb="0" cb="0"/><line nr="16" mi="51" ci="0" mb="0" cb="0"/><line nr="22" mi="3" ci="0" mb="0" cb="0"/><line nr="24" mi="3" ci="0" mb="0" cb="0"/><line nr="29" mi="3" ci="0" mb="0" cb="0"/><line nr="31" mi="3" ci="0" mb="0" cb="0"/><line nr="33" mi="3" ci="0" mb="0" cb="0"/><line nr="35" mi="3" ci="0" mb="0" cb="0"/><line nr="39" mi="3" ci="0" mb="0" cb="0"/><line nr="43" mi="3" ci="0" mb="0" cb="0"/><line nr="47" mi="3" ci="0" mb="0" cb="0"/><line nr="51" mi="3" ci="0" mb="0" cb="0"/><line nr="55" mi="3" ci="0" mb="0" cb="0"/><line nr="59" mi="3" ci="0" mb="0" cb="0"/><line nr="63" mi="3" ci="0" mb="0" cb="0"/><line nr="65" mi="10" ci="0" mb="0" cb="0"/><line nr="66" mi="3" ci="0" mb="0" cb="0"/><line nr="68" mi="10" ci="0" mb="0" cb="0"/><line nr="69" mi="3" ci="0" mb="0" cb="0"/><line nr="71" mi="11" ci="0" mb="0" cb="0"/><line nr="72" mi="3" ci="0" mb="0" cb="0"/><line nr="75" mi="5" ci="0" mb="0" cb="0"/><line nr="76" mi="5" ci="0" mb="0" cb="0"/><line nr="77" mi="5" ci="0" mb="0" cb="0"/><line nr="78" mi="5" ci="0" mb="0" cb="0"/><line nr="79" mi="5" ci="0" mb="0" cb="0"/><line nr="80" mi="5" ci="0" mb="0" cb="0"/><line nr="81" mi="1" ci="0" mb="0" cb="0"/><line nr="86" mi="4" ci="0" mb="0" cb="0"/><line nr="87" mi="3" ci="0" mb="0" cb="0"/><line nr="88" mi="3" ci="0" mb="0" cb="0"/><line nr="89" mi="3" ci="0" mb="0" cb="0"/><line nr="90" mi="3" ci="0" mb="0" cb="0"/><line nr="91" mi="3" ci="0" mb="0" cb="0"/><line nr="92" mi="3" ci="0" mb="0" cb="0"/><line nr="93" mi="3" ci="0" mb="0" cb="0"/><line nr="94" mi="2" ci="0" mb="0" cb="0"/><line nr="99" mi="3" ci="0" mb="0" cb="0"/><line nr="100" mi="3" ci="0" mb="0" cb="0"/><line nr="101" mi="3" ci="0" mb="0" cb="0"/><line nr="102" mi="3" ci="0" mb="0" cb="0"/><line nr="103" mi="3" ci="0" mb="0" cb="0"/><line nr="104" mi="1" ci="0" mb="0" cb="0"/><counter type="INSTRUCTION" missed="206" covered="0"/><counter type="LINE" missed="43" covered="0"/><counter type="COMPLEXITY" missed="21" covered="0"/><counter type="METHOD" missed="21" covered="0"/><counter type="CLASS" missed="1" covered="0"/></sourcefile><sourcefile name="RoomRepository.java"/><counter type="INSTRUCTION" missed="249" covered="0"/><counter type="LINE" missed="55" covered="0"/><counter type="COMPLEXITY" missed="28" covered="0"/><counter type="METHOD" missed="28" covered="0"/><counter type="CLASS" missed="2" covered="0"/></package><package name="com/ssafy/drinkus/auth/domain"><class name="com/ssafy/drinkus/auth/domain/Auth$AuthBuilder" sourcefilename="Auth.java"><method name="&lt;init&gt;" desc="()V" line="13"><counter type="INSTRUCTION" missed="3" covered="0"/><counter type="LINE" missed="1" covered="0"/><counter type="COMPLEXITY" missed="1" covered="0"/><counter type="METHOD" missed="1" covered="0"/></method><method name="id" desc="(Ljava/lang/Long;)Lcom/ssafy/drinkus/auth/domain/Auth$AuthBuilder;" line="13"><counter type="INSTRUCTION" missed="5" covered="0"/><counter type="LINE" missed="1" covered="0"/><counter type="COMPLEXITY" missed="1" covered="0"/><counter type="METHOD" missed="1" covered="0"/></method><method name="userId" desc="(Ljava/lang/Long;)Lcom/ssafy/drinkus/auth/domain/Auth$AuthBuilder;" line="13"><counter type="INSTRUCTION" missed="5" covered="0"/><counter type="LINE" missed="1" covered="0"/><counter type="COMPLEXITY" missed="1" covered="0"/><counter type="METHOD" missed="1" covered="0"/></method><method name="refreshToken" desc="(Ljava/lang/String;)Lcom/ssafy/drinkus/auth/domain/Auth$AuthBuilder;" line="13"><counter type="INSTRUCTION" missed="5" covered="0"/><counter type="LINE" missed="1" covered="0"/><counter type="COMPLEXITY" missed="1" covered="0"/><counter type="METHOD" missed="1" covered="0"/></method><method name="build" desc="()Lcom/ssafy/drinkus/auth/domain/Auth;" line="13"><counter type="INSTRUCTION" missed="10" covered="0"/><counter type="LINE" missed="1" covered="0"/><counter type="COMPLEXITY" missed="1" covered="0"/><counter type="METHOD" missed="1" covered="0"/></method><method name="toString" desc="()Ljava/lang/String;" line="13"><counter type="INSTRUCTION" missed="22" covered="0"/><counter type="LINE" missed="1" covered="0"/><counter type="COMPLEXITY" missed="1" covered="0"/><counter type="METHOD" missed="1" covered="0"/></method><counter type="INSTRUCTION" missed="50" covered="0"/><counter type="LINE" missed="1" covered="0"/><counter type="COMPLEXITY" missed="6" covered="0"/><counter type="METHOD" missed="6" covered="0"/><counter type="CLASS" missed="1" covered="0"/></class><class name="com/ssafy/drinkus/auth/domain/Auth" sourcefilename="Auth.java"><method name="createRefreshToken" desc="(Ljava/lang/Long;Ljava/lang/String;)Lcom/ssafy/drinkus/auth/domain/Auth;" line="28"><counter type="INSTRUCTION" missed="12" covered="0"/><counter type="LINE" missed="4" covered="0"/><counter type="COMPLEXITY" missed="1" covered="0"/><counter type="METHOD" missed="1" covered="0"/></method><method name="updateRefreshToken" desc="(Ljava/lang/String;)Lcom/ssafy/drinkus/auth/domain/Auth;" line="35"><counter type="INSTRUCTION" missed="5" covered="0"/><counter type="LINE" missed="2" covered="0"/><counter type="COMPLEXITY" missed="1" covered="0"/><counter type="METHOD" missed="1" covered="0"/></method><method name="builder" desc="()Lcom/ssafy/drinkus/auth/domain/Auth$AuthBuilder;" line="13"><counter type="INSTRUCTION" missed="4" covered="0"/><counter type="LINE" missed="1" covered="0"/><counter type="COMPLEXITY" missed="1" covered="0"/><counter type="METHOD" missed="1" covered="0"/></method><method name="getId" desc="()Ljava/lang/Long;" line="19"><counter type="INSTRUCTION" missed="3" covered="0"/><counter type="LINE" missed="1" covered="0"/><counter type="COMPLEXITY" missed="1" covered="0"/><counter type="METHOD" missed="1" covered="0"/></method><method name="getUserId" desc="()Ljava/lang/Long;" line="22"><counter type="INSTRUCTION" missed="3" covered="0"/><counter type="LINE" missed="1" covered="0"/><counter type="COMPLEXITY" missed="1" covered="0"/><counter type="METHOD" missed="1" covered="0"/></method><method name="getRefreshToken" desc="()Ljava/lang/String;" line="25"><counter type="INSTRUCTION" missed="3" covered="0"/><counter type="LINE" missed="1" covered="0"/><counter type="COMPLEXITY" missed="1" covered="0"/><counter type="METHOD" missed="1" covered="0"/></method><method name="&lt;init&gt;" desc="()V" line="14"><counter type="INSTRUCTION" missed="3" covered="0"/><counter type="LINE" missed="1" covered="0"/><counter type="COMPLEXITY" missed="1" covered="0"/><counter type="METHOD" missed="1" covered="0"/></method><method name="&lt;init&gt;" desc="(Ljava/lang/Long;Ljava/lang/Long;Ljava/lang/String;)V" line="15"><counter type="INSTRUCTION" missed="12" covered="0"/><counter type="LINE" missed="1" covered="0"/><counter type="COMPLEXITY" missed="1" covered="0"/><counter type="METHOD" missed="1" covered="0"/></method><counter type="INSTRUCTION" missed="45" covered="0"/><counter type="LINE" missed="12" covered="0"/><counter type="COMPLEXITY" missed="8" covered="0"/><counter type="METHOD" missed="8" covered="0"/><counter type="CLASS" missed="1" covered="0"/></class><class name="com/ssafy/drinkus/auth/domain/AuthRepository" sourcefilename="AuthRepository.java"/><sourcefile name="Auth.java"><line nr="13" mi="54" ci="0" mb="0" cb="0"/><line nr="14" mi="3" ci="0" mb="0" cb="0"/><line nr="15" mi="12" ci="0" mb="0" cb="0"/><line nr="19" mi="3" ci="0" mb="0" cb="0"/><line nr="22" mi="3" ci="0" mb="0" cb="0"/><line nr="25" mi="3" ci="0" mb="0" cb="0"/><line nr="28" mi="4" ci="0" mb="0" cb="0"/><line nr="29" mi="3" ci="0" mb="0" cb="0"/><line nr="30" mi="3" ci="0" mb="0" cb="0"/><line nr="31" mi="2" ci="0" mb="0" cb="0"/><line nr="35" mi="3" ci="0" mb="0" cb="0"/><line nr="36" mi="2" ci="0" mb="0" cb="0"/><counter type="INSTRUCTION" missed="95" covered="0"/><counter type="LINE" missed="12" covered="0"/><counter type="COMPLEXITY" missed="14" covered="0"/><counter type="METHOD" missed="14" covered="0"/><counter type="CLASS" missed="2" covered="0"/></sourcefile><sourcefile name="AuthRepository.java"/><counter type="INSTRUCTION" missed="95" covered="0"/><counter type="LINE" missed="12" covered="0"/><counter type="COMPLEXITY" missed="14" covered="0"/><counter type="METHOD" missed="14" covered="0"/><counter type="CLASS" missed="2" covered="0"/></package><package name="com/ssafy/drinkus/calendar/domain"><class name="com/ssafy/drinkus/calendar/domain/UserCalendar" sourcefilename="UserCalendar.java"><method name="createUserCalendar" desc="(Lcom/ssafy/drinkus/user/domain/User;Lcom/ssafy/drinkus/calendar/domain/CalendarBoard;)Lcom/ssafy/drinkus/calendar/domain/UserCalendar;" line="30"><counter type="INSTRUCTION" missed="12" covered="0"/><counter type="LINE" missed="4" covered="0"/><counter type="COMPLEXITY" missed="1" covered="0"/><counter type="METHOD" missed="1" covered="0"/></method><method name="&lt;init&gt;" desc="()V" line="12"><counter type="INSTRUCTION" missed="3" covered="0"/><counter type="LINE" missed="1" covered="0"/><counter type="COMPLEXITY" missed="1" covered="0"/><counter type="METHOD" missed="1" covered="0"/></method><method name="&lt;init&gt;" desc="(Ljava/lang/Long;Lcom/ssafy/drinkus/user/domain/User;Lcom/ssafy/drinkus/calendar/domain/CalendarBoard;)V" line="13"><counter type="INSTRUCTION" missed="12" covered="0"/><counter type="LINE" missed="1" covered="0"/><counter type="COMPLEXITY" missed="1" covered="0"/><counter type="METHOD" missed="1" covered="0"/></method><method name="getUserCalendarId" desc="()Ljava/lang/Long;" line="19"><counter type="INSTRUCTION" missed="3" covered="0"/><counter type="LINE" missed="1" covered="0"/><counter type="COMPLEXITY" missed="1" covered="0"/><counter type="METHOD" missed="1" covered="0"/></method><method name="getUser" desc="()Lcom/ssafy/drinkus/user/domain/User;" line="23"><counter type="INSTRUCTION" missed="3" covered="0"/><counter type="LINE" missed="1" covered="0"/><counter type="COMPLEXITY" missed="1" covered="0"/><counter type="METHOD" missed="1" covered="0"/></method><method name="getCalendarBoard" desc="()Lcom/ssafy/drinkus/calendar/domain/CalendarBoard;" line="27"><counter type="INSTRUCTION" missed="3" covered="0"/><counter type="LINE" missed="1" covered="0"/><counter type="COMPLEXITY" missed="1" covered="0"/><counter type="METHOD" missed="1" covered="0"/></method><counter type="INSTRUCTION" missed="36" covered="0"/><counter type="LINE" missed="9" covered="0"/><counter type="COMPLEXITY" missed="6" covered="0"/><counter type="METHOD" missed="6" covered="0"/><counter type="CLASS" missed="1" covered="0"/></class><class name="com/ssafy/drinkus/calendar/domain/UserCalendarRepository" sourcefilename="UserCalendarRepository.java"/><class name="com/ssafy/drinkus/calendar/domain/CalendarBoard" sourcefilename="CalendarBoard.java"><method name="getAges" desc="()[Lcom/ssafy/drinkus/common/type/YN;" line="67"><counter type="INSTRUCTION" missed="35" covered="0"/><counter type="LINE" missed="8" covered="0"/><counter type="COMPLEXITY" missed="1" covered="0"/><counter type="METHOD" missed="1" covered="0"/></method><method name="setAges" desc="(Lcom/ssafy/drinkus/calendar/domain/CalendarBoard;[Lcom/ssafy/drinkus/common/type/YN;)V" line="78"><counter type="INSTRUCTION" missed="31" covered="0"/><counter type="LINE" missed="7" covered="0"/><counter type="COMPLEXITY" missed="1" covered="0"/><counter type="METHOD" missed="1" covered="0"/></method><method name="createCalendarBoard" desc="(Lcom/ssafy/drinkus/user/domain/User;Ljava/lang/String;Ljava/time/LocalDateTime;Ljava/lang/Integer;Ljava/lang/String;[Lcom/ssafy/drinkus/common/type/YN;)Lcom/ssafy/drinkus/calendar/domain/CalendarBoard;" line="89"><counter type="INSTRUCTION" missed="27" covered="0"/><counter type="LINE" missed="9" covered="0"/><counter type="COMPLEXITY" missed="1" covered="0"/><counter type="METHOD" missed="1" covered="0"/></method><method name="updateCalendarBoard" desc="(Lcom/ssafy/drinkus/user/domain/User;Ljava/lang/String;Ljava/time/LocalDateTime;Ljava/lang/Integer;Ljava/lang/String;[Lcom/ssafy/drinkus/common/type/YN;)V" line="103"><counter type="INSTRUCTION" missed="19" covered="0"/><counter type="LINE" missed="7" covered="0"/><counter type="COMPLEXITY" missed="1" covered="0"/><counter type="METHOD" missed="1" covered="0"/></method><method name="&lt;init&gt;" desc="()V" line="16"><counter type="INSTRUCTION" missed="3" covered="0"/><counter type="LINE" missed="1" covered="0"/><counter type="COMPLEXITY" missed="1" covered="0"/><counter type="METHOD" missed="1" covered="0"/></method><method name="&lt;init&gt;" desc="(Ljava/lang/Long;Lcom/ssafy/drinkus/user/domain/User;Lcom/ssafy/drinkus/user/domain/User;Ljava/lang/String;Ljava/time/LocalDateTime;Ljava/lang/Integer;Ljava/lang/String;Lcom/ssafy/drinkus/common/type/YN;Lcom/ssafy/drinkus/common/type/YN;Lcom/ssafy/drinkus/common/type/YN;Lcom/ssafy/drinkus/common/type/YN;Lcom/ssafy/drinkus/common/type/YN;Lcom/ssafy/drinkus/common/type/YN;)V" line="17"><counter type="INSTRUCTION" missed="42" covered="0"/><counter type="LINE" missed="1" covered="0"/><counter type="COMPLEXITY" missed="1" covered="0"/><counter type="METHOD" missed="1" covered="0"/></method><method name="getCalendarId" desc="()Ljava/lang/Long;" line="23"><counter type="INSTRUCTION" missed="3" covered="0"/><counter type="LINE" missed="1" covered="0"/><counter type="COMPLEXITY" missed="1" covered="0"/><counter type="METHOD" missed="1" covered="0"/></method><method name="getCreater" desc="()Lcom/ssafy/drinkus/user/domain/User;" line="27"><counter type="INSTRUCTION" missed="3" covered="0"/><counter type="LINE" missed="1" covered="0"/><counter type="COMPLEXITY" missed="1" covered="0"/><counter type="METHOD" missed="1" covered="0"/></method><method name="getModifier" desc="()Lcom/ssafy/drinkus/user/domain/User;" line="31"><counter type="INSTRUCTION" missed="3" covered="0"/><counter type="LINE" missed="1" covered="0"/><counter type="COMPLEXITY" missed="1" covered="0"/><counter type="METHOD" missed="1" covered="0"/></method><method name="getCalendarContent" desc="()Ljava/lang/String;" line="33"><counter type="INSTRUCTION" missed="3" covered="0"/><counter type="LINE" missed="1" covered="0"/><counter type="COMPLEXITY" missed="1" covered="0"/><counter type="METHOD" missed="1" covered="0"/></method><method name="getCalendarDatetime" desc="()Ljava/time/LocalDateTime;" line="35"><counter type="INSTRUCTION" missed="3" covered="0"/><counter type="LINE" missed="1" covered="0"/><counter type="COMPLEXITY" missed="1" covered="0"/><counter type="METHOD" missed="1" covered="0"/></method><method name="getPeopleLimit" desc="()Ljava/lang/Integer;" line="37"><counter type="INSTRUCTION" missed="3" covered="0"/><counter type="LINE" missed="1" covered="0"/><counter type="COMPLEXITY" missed="1" covered="0"/><counter type="METHOD" missed="1" covered="0"/></method><method name="getPlace" desc="()Ljava/lang/String;" line="39"><counter type="INSTRUCTION" missed="3" covered="0"/><counter type="LINE" missed="1" covered="0"/><counter type="COMPLEXITY" missed="1" covered="0"/><counter type="METHOD" missed="1" covered="0"/></method><method name="getAges20" desc="()Lcom/ssafy/drinkus/common/type/YN;" line="44"><counter type="INSTRUCTION" missed="3" covered="0"/><counter type="LINE" missed="1" covered="0"/><counter type="COMPLEXITY" missed="1" covered="0"/><counter type="METHOD" missed="1" covered="0"/></method><method name="getAges30" desc="()Lcom/ssafy/drinkus/common/type/YN;" line="48"><counter type="INSTRUCTION" missed="3" covered="0"/><counter type="LINE" missed="1" covered="0"/><counter type="COMPLEXITY" missed="1" covered="0"/><counter type="METHOD" missed="1" covered="0"/></method><method name="getAges40" desc="()Lcom/ssafy/drinkus/common/type/YN;" line="52"><counter type="INSTRUCTION" missed="3" covered="0"/><counter type="LINE" missed="1" covered="0"/><counter type="COMPLEXITY" missed="1" covered="0"/><counter type="METHOD" missed="1" covered="0"/></method><method name="getAges50" desc="()Lcom/ssafy/drinkus/common/type/YN;" line="56"><counter type="INSTRUCTION" missed="3" covered="0"/><counter type="LINE" missed="1" covered="0"/><counter type="COMPLEXITY" missed="1" covered="0"/><counter type="METHOD" missed="1" covered="0"/></method><method name="getAges60" desc="()Lcom/ssafy/drinkus/common/type/YN;" line="60"><counter type="INSTRUCTION" missed="3" covered="0"/><counter type="LINE" missed="1" covered="0"/><counter type="COMPLEXITY" missed="1" covered="0"/><counter type="METHOD" missed="1" covered="0"/></method><method name="getAges70" desc="()Lcom/ssafy/drinkus/common/type/YN;" line="64"><counter type="INSTRUCTION" missed="3" covered="0"/><counter type="LINE" missed="1" covered="0"/><counter type="COMPLEXITY" missed="1" covered="0"/><counter type="METHOD" missed="1" covered="0"/></method><counter type="INSTRUCTION" missed="196" covered="0"/><counter type="LINE" missed="46" covered="0"/><counter type="COMPLEXITY" missed="19" covered="0"/><counter type="METHOD" missed="19" covered="0"/><counter type="CLASS" missed="1" covered="0"/></class><class name="com/ssafy/drinkus/calendar/domain/CalendarBoardRepository" sourcefilename="CalendarBoardRepository.java"/><sourcefile name="CalendarBoard.java"><line nr="16" mi="3" ci="0" mb="0" cb="0"/><line nr="17" mi="42" ci="0" mb="0" cb="0"/><line nr="23" mi="3" ci="0" mb="0" cb="0"/><line nr="27" mi="3" ci="0" mb="0" cb="0"/><line nr="31" mi="3" ci="0" mb="0" cb="0"/><line nr="33" mi="3" ci="0" mb="0" cb="0"/><line nr="35" mi="3" ci="0" mb="0" cb="0"/><line nr="37" mi="3" ci="0" mb="0" cb="0"/><line nr="39" mi="3" ci="0" mb="0" cb="0"/><line nr="44" mi="3" ci="0" mb="0" cb="0"/><line nr="48" mi="3" ci="0" mb="0" cb="0"/><line nr="52" mi="3" ci="0" mb="0" cb="0"/><line nr="56" mi="3" ci="0" mb="0" cb="0"/><line nr="60" mi="3" ci="0" mb="0" cb="0"/><line nr="64" mi="3" ci="0" mb="0" cb="0"/><line nr="67" mi="3" ci="0" mb="0" cb="0"/><line nr="68" mi="5" ci="0" mb="0" cb="0"/><line nr="69" mi="5" ci="0" mb="0" cb="0"/><line nr="70" mi="5" ci="0" mb="0" cb="0"/><line nr="71" mi="5" ci="0" mb="0" cb="0"/><line nr="72" mi="5" ci="0" mb="0" cb="0"/><line nr="73" mi="5" ci="0" mb="0" cb="0"/><line nr="74" mi="2" ci="0" mb="0" cb="0"/><line nr="78" mi="5" ci="0" mb="0" cb="0"/><line nr="79" mi="5" ci="0" mb="0" cb="0"/><line nr="80" mi="5" ci="0" mb="0" cb="0"/><line nr="81" mi="5" ci="0" mb="0" cb="0"/><line nr="82" mi="5" ci="0" mb="0" cb="0"/><line nr="83" mi="5" ci="0" mb="0" cb="0"/><line nr="84" mi="1" ci="0" mb="0" cb="0"/><line nr="89" mi="4" ci="0" mb="0" cb="0"/><line nr="90" mi="3" ci="0" mb="0" cb="0"/><line nr="91" mi="3" ci="0" mb="0" cb="0"/><line nr="92" mi="3" ci="0" mb="0" cb="0"/><line nr="93" mi="3" ci="0" mb="0" cb="0"/><line nr="94" mi="3" ci="0" mb="0" cb="0"/><line nr="95" mi="3" ci="0" mb="0" cb="0"/><line nr="96" mi="3" ci="0" mb="0" cb="0"/><line nr="97" mi="2" ci="0" mb="0" cb="0"/><line nr="103" mi="3" ci="0" mb="0" cb="0"/><line nr="104" mi="3" ci="0" mb="0" cb="0"/><line nr="105" mi="3" ci="0" mb="0" cb="0"/><line nr="106" mi="3" ci="0" mb="0" cb="0"/><line nr="107" mi="3" ci="0" mb="0" cb="0"/><line nr="108" mi="3" ci="0" mb="0" cb="0"/><line nr="109" mi="1" ci="0" mb="0" cb="0"/><counter type="INSTRUCTION" missed="196" covered="0"/><counter type="LINE" missed="46" covered="0"/><counter type="COMPLEXITY" missed="19" covered="0"/><counter type="METHOD" missed="19" covered="0"/><counter type="CLASS" missed="1" covered="0"/></sourcefile><sourcefile name="UserCalendarRepository.java"/><sourcefile name="CalendarBoardRepository.java"/><sourcefile name="UserCalendar.java"><line nr="12" mi="3" ci="0" mb="0" cb="0"/><line nr="13" mi="12" ci="0" mb="0" cb="0"/><line nr="19" mi="3" ci="0" mb="0" cb="0"/><line nr="23" mi="3" ci="0" mb="0" cb="0"/><line nr="27" mi="3" ci="0" mb="0" cb="0"/><line nr="30" mi="4" ci="0" mb="0" cb="0"/><line nr="31" mi="3" ci="0" mb="0" cb="0"/><line nr="32" mi="3" ci="0" mb="0" cb="0"/><line nr="34" mi="2" ci="0" mb="0" cb="0"/><counter type="INSTRUCTION" missed="36" covered="0"/><counter type="LINE" missed="9" covered="0"/><counter type="COMPLEXITY" missed="6" covered="0"/><counter type="METHOD" missed="6" covered="0"/><counter type="CLASS" missed="1" covered="0"/></sourcefile><counter type="INSTRUCTION" missed="232" covered="0"/><counter type="LINE" missed="55" covered="0"/><counter type="COMPLEXITY" missed="25" covered="0"/><counter type="METHOD" missed="25" covered="0"/><counter type="CLASS" missed="2" covered="0"/></package><package name="com/ssafy/drinkus/user/domain/type"><class name="com/ssafy/drinkus/user/domain/type/UserProvider" sourcefilename="UserProvider.java"><method name="&lt;clinit&gt;" desc="()V" line="5"><counter type="INSTRUCTION" missed="33" covered="0"/><counter type="LINE" missed="6" covered="0"/><counter type="COMPLEXITY" missed="1" covered="0"/><counter type="METHOD" missed="1" covered="0"/></method><counter type="INSTRUCTION" missed="33" covered="0"/><counter type="LINE" missed="6" covered="0"/><counter type="COMPLEXITY" missed="1" covered="0"/><counter type="METHOD" missed="1" covered="0"/><counter type="CLASS" missed="1" covered="0"/></class><class name="com/ssafy/drinkus/user/domain/type/UserRole" sourcefilename="UserRole.java"><method name="&lt;clinit&gt;" desc="()V" line="3"><counter type="INSTRUCTION" missed="21" covered="0"/><counter type="LINE" missed="4" covered="0"/><counter type="COMPLEXITY" missed="1" covered="0"/><counter type="METHOD" missed="1" covered="0"/></method><counter type="INSTRUCTION" missed="21" covered="0"/><counter type="LINE" missed="4" covered="0"/><counter type="COMPLEXITY" missed="1" covered="0"/><counter type="METHOD" missed="1" covered="0"/><counter type="CLASS" missed="1" covered="0"/></class><sourcefile name="UserProvider.java"><line nr="5" mi="3" ci="0" mb="0" cb="0"/><line nr="7" mi="6" ci="0" mb="0" cb="0"/><line nr="8" mi="6" ci="0" mb="0" cb="0"/><line nr="9" mi="6" ci="0" mb="0" cb="0"/><line nr="10" mi="6" ci="0" mb="0" cb="0"/><line nr="11" mi="6" ci="0" mb="0" cb="0"/><counter type="INSTRUCTION" missed="33" covered="0"/><counter type="LINE" missed="6" covered="0"/><counter type="COMPLEXITY" missed="1" covered="0"/><counter type="METHOD" missed="1" covered="0"/><counter type="CLASS" missed="1" covered="0"/></sourcefile><sourcefile name="UserRole.java"><line nr="3" mi="3" ci="0" mb="0" cb="0"/><line nr="5" mi="6" ci="0" mb="0" cb="0"/><line nr="6" mi="6" ci="0" mb="0" cb="0"/><line nr="7" mi="6" ci="0" mb="0" cb="0"/><counter type="INSTRUCTION" missed="21" covered="0"/><counter type="LINE" missed="4" covered="0"/><counter type="COMPLEXITY" missed="1" covered="0"/><counter type="METHOD" missed="1" covered="0"/><counter type="CLASS" missed="1" covered="0"/></sourcefile><counter type="INSTRUCTION" missed="54" covered="0"/><counter type="LINE" missed="10" covered="0"/><counter type="COMPLEXITY" missed="2" covered="0"/><counter type="METHOD" missed="2" covered="0"/><counter type="CLASS" missed="2" covered="0"/></package><package name="com/ssafy/drinkus/user/domain"><class name="com/ssafy/drinkus/user/domain/User" sourcefilename="User.java"><method name="defaultUserSettings" desc="()V" line="91"><counter type="INSTRUCTION" missed="34" covered="0"/><counter type="LINE" missed="11" covered="0"/><counter type="COMPLEXITY" missed="1" covered="0"/><counter type="METHOD" missed="1" covered="0"/></method><method name="createUser" desc="(Ljava/lang/String;Ljava/lang/String;Ljava/lang/String;Ljava/lang/String;Ljava/lang/String;)Lcom/ssafy/drinkus/user/domain/User;" line="107"><counter type="INSTRUCTION" missed="29" covered="0"/><counter type="LINE" missed="10" covered="0"/><counter type="COMPLEXITY" missed="1" covered="0"/><counter type="METHOD" missed="1" covered="0"/></method><method name="createUser" desc="(Lcom/ssafy/drinkus/user/domain/type/UserProvider;Ljava/lang/String;Ljava/lang/String;Ljava/lang/String;)Lcom/ssafy/drinkus/user/domain/User;" line="121"><counter type="INSTRUCTION" missed="26" covered="0"/><counter type="LINE" missed="9" covered="0"/><counter type="COMPLEXITY" missed="1" covered="0"/><counter type="METHOD" missed="1" covered="0"/></method><method name="updateUser" desc="(Ljava/lang/String;Ljava/lang/String;Ljava/lang/Integer;Ljava/lang/Integer;Ljava/lang/String;Ljava/lang/String;)V" line="135"><counter type="INSTRUCTION" missed="19" covered="0"/><counter type="LINE" missed="7" covered="0"/><counter type="COMPLEXITY" missed="1" covered="0"/><counter type="METHOD" missed="1" covered="0"/></method><method name="updateUserPassword" desc="(Ljava/lang/String;)V" line="145"><counter type="INSTRUCTION" missed="4" covered="0"/><counter type="LINE" missed="2" covered="0"/><counter type="COMPLEXITY" missed="1" covered="0"/><counter type="METHOD" missed="1" covered="0"/></method><method name="updatePopularity" desc="(Ljava/lang/Integer;)V" line="150"><counter type="INSTRUCTION" missed="10" covered="0"/><counter type="LINE" missed="2" covered="0"/><counter type="COMPLEXITY" missed="1" covered="0"/><counter type="METHOD" missed="1" covered="0"/></method><method name="updatePopularityLimit" desc="()V" line="155"><counter type="INSTRUCTION" missed="9" covered="0"/><counter type="LINE" missed="2" covered="0"/><counter type="COMPLEXITY" missed="1" covered="0"/><counter type="METHOD" missed="1" covered="0"/></method><method name="makeRandomNickname" desc="()Ljava/lang/String;" line="160"><counter type="INSTRUCTION" missed="77" covered="0"/><counter type="BRANCH" missed="4" covered="0"/><counter type="LINE" missed="17" covered="0"/><counter type="COMPLEXITY" missed="3" covered="0"/><counter type="METHOD" missed="1" covered="0"/></method><method name="&lt;init&gt;" desc="()V" line="27"><counter type="INSTRUCTION" missed="18" covered="0"/><counter type="LINE" missed="4" covered="0"/><counter type="COMPLEXITY" missed="1" covered="0"/><counter type="METHOD" missed="1" covered="0"/></method><method name="&lt;init&gt;" desc="(Ljava/lang/Long;Ljava/lang/String;Ljava/lang/String;Ljava/lang/String;Ljava/lang/String;Ljava/lang/String;Ljava/lang/Integer;Ljava/lang/Integer;Ljava/lang/String;Ljava/lang/String;Ljava/lang/String;Ljava/time/LocalDateTime;Lcom/ssafy/drinkus/common/type/YN;Lcom/ssafy/drinkus/user/domain/type/UserRole;Lcom/ssafy/drinkus/user/domain/type/UserProvider;Ljava/lang/String;Ljava/lang/String;Ljava/lang/Long;Ljava/time/LocalDateTime;Ljava/lang/Integer;Ljava/lang/Integer;Ljava/util/List;Ljava/util/List;Ljava/util/List;)V" line="28"><counter type="INSTRUCTION" missed="90" covered="0"/><counter type="LINE" missed="4" covered="0"/><counter type="COMPLEXITY" missed="1" covered="0"/><counter type="METHOD" missed="1" covered="0"/></method><method name="getUserId" desc="()Ljava/lang/Long;" line="35"><counter type="INSTRUCTION" missed="3" covered="0"/><counter type="LINE" missed="1" covered="0"/><counter type="COMPLEXITY" missed="1" covered="0"/><counter type="METHOD" missed="1" covered="0"/></method><method name="getUserName" desc="()Ljava/lang/String;" line="37"><counter type="INSTRUCTION" missed="3" covered="0"/><counter type="LINE" missed="1" covered="0"/><counter type="COMPLEXITY" missed="1" covered="0"/><counter type="METHOD" missed="1" covered="0"/></method><method name="getUserEmail" desc="()Ljava/lang/String;" line="39"><counter type="INSTRUCTION" missed="3" covered="0"/><counter type="LINE" missed="1" covered="0"/><counter type="COMPLEXITY" missed="1" covered="0"/><counter type="METHOD" missed="1" covered="0"/></method><method name="getUserPw" desc="()Ljava/lang/String;" line="41"><counter type="INSTRUCTION" missed="3" covered="0"/><counter type="LINE" missed="1" covered="0"/><counter type="COMPLEXITY" missed="1" covered="0"/><counter type="METHOD" missed="1" covered="0"/></method><method name="getUserFullname" desc="()Ljava/lang/String;" line="43"><counter type="INSTRUCTION" missed="3" covered="0"/><counter type="LINE" missed="1" covered="0"/><counter type="COMPLEXITY" missed="1" covered="0"/><counter type="METHOD" missed="1" covered="0"/></method><method name="getUserNickname" desc="()Ljava/lang/String;" line="45"><counter type="INSTRUCTION" missed="3" covered="0"/><counter type="LINE" missed="1" covered="0"/><counter type="COMPLEXITY" missed="1" covered="0"/><counter type="METHOD" missed="1" covered="0"/></method><method name="getUserPopularity" desc="()Ljava/lang/Integer;" line="47"><counter type="INSTRUCTION" missed="3" covered="0"/><counter type="LINE" missed="1" covered="0"/><counter type="COMPLEXITY" missed="1" covered="0"/><counter type="METHOD" missed="1" covered="0"/></method><method name="getUserPopularityLimit" desc="()Ljava/lang/Integer;" line="49"><counter type="INSTRUCTION" missed="3" covered="0"/><counter type="LINE" missed="1" covered="0"/><counter type="COMPLEXITY" missed="1" covered="0"/><counter type="METHOD" missed="1" covered="0"/></method><method name="getUserBirthday" desc="()Ljava/lang/String;" line="51"><counter type="INSTRUCTION" missed="3" covered="0"/><counter type="LINE" missed="1" covered="0"/><counter type="COMPLEXITY" missed="1" covered="0"/><counter type="METHOD" missed="1" covered="0"/></method><method name="getUserIntroduce" desc="()Ljava/lang/String;" line="53"><counter type="INSTRUCTION" missed="3" covered="0"/><counter type="LINE" missed="1" covered="0"/><counter type="COMPLEXITY" missed="1" covered="0"/><counter type="METHOD" missed="1" covered="0"/></method><method name="getUserImg" desc="()Ljava/lang/String;" line="55"><counter type="INSTRUCTION" missed="3" covered="0"/><counter type="LINE" missed="1" covered="0"/><counter type="COMPLEXITY" missed="1" covered="0"/><counter type="METHOD" missed="1" covered="0"/></method><method name="getUserDeleteDate" desc="()Ljava/time/LocalDateTime;" line="57"><counter type="INSTRUCTION" missed="3" covered="0"/><counter type="LINE" missed="1" covered="0"/><counter type="COMPLEXITY" missed="1" covered="0"/><counter type="METHOD" missed="1" covered="0"/></method><method name="getUserDeleted" desc="()Lcom/ssafy/drinkus/common/type/YN;" line="60"><counter type="INSTRUCTION" missed="3" covered="0"/><counter type="LINE" missed="1" covered="0"/><counter type="COMPLEXITY" missed="1" covered="0"/><counter type="METHOD" missed="1" covered="0"/></method><method name="getUserRole" desc="()Lcom/ssafy/drinkus/user/domain/type/UserRole;" line="63"><counter type="INSTRUCTION" missed="3" covered="0"/><counter type="LINE" missed="1" covered="0"/><counter type="COMPLEXITY" missed="1" covered="0"/><counter type="METHOD" missed="1" covered="0"/></method><method name="getUserProvider" desc="()Lcom/ssafy/drinkus/user/domain/type/UserProvider;" line="66"><counter type="INSTRUCTION" missed="3" covered="0"/><counter type="LINE" missed="1" covered="0"/><counter type="COMPLEXITY" missed="1" covered="0"/><counter type="METHOD" missed="1" covered="0"/></method><method name="getUserProviderId" desc="()Ljava/lang/String;" line="68"><counter type="INSTRUCTION" missed="3" covered="0"/><counter type="LINE" missed="1" covered="0"/><counter type="COMPLEXITY" missed="1" covered="0"/><counter type="METHOD" missed="1" covered="0"/></method><method name="getUserGrade" desc="()Ljava/lang/String;" line="70"><counter type="INSTRUCTION" missed="3" covered="0"/><counter type="LINE" missed="1" covered="0"/><counter type="COMPLEXITY" missed="1" covered="0"/><counter type="METHOD" missed="1" covered="0"/></method><method name="getUserPoint" desc="()Ljava/lang/Long;" line="72"><counter type="INSTRUCTION" missed="3" covered="0"/><counter type="LINE" missed="1" covered="0"/><counter type="COMPLEXITY" missed="1" covered="0"/><counter type="METHOD" missed="1" covered="0"/></method><method name="getUserStopDate" desc="()Ljava/time/LocalDateTime;" line="74"><counter type="INSTRUCTION" missed="3" covered="0"/><counter type="LINE" missed="1" covered="0"/><counter type="COMPLEXITY" missed="1" covered="0"/><counter type="METHOD" missed="1" covered="0"/></method><method name="getUserSoju" desc="()Ljava/lang/Integer;" line="76"><counter type="INSTRUCTION" missed="3" covered="0"/><counter type="LINE" missed="1" covered="0"/><counter type="COMPLEXITY" missed="1" covered="0"/><counter type="METHOD" missed="1" covered="0"/></method><method name="getUserBeer" desc="()Ljava/lang/Integer;" line="78"><counter type="INSTRUCTION" missed="3" covered="0"/><counter type="LINE" missed="1" covered="0"/><counter type="COMPLEXITY" missed="1" covered="0"/><counter type="METHOD" missed="1" covered="0"/></method><method name="getRoomHistoryList" desc="()Ljava/util/List;" line="81"><counter type="INSTRUCTION" missed="3" covered="0"/><counter type="LINE" missed="1" covered="0"/><counter type="COMPLEXITY" missed="1" covered="0"/><counter type="METHOD" missed="1" covered="0"/></method><method name="getRoomList" desc="()Ljava/util/List;" line="84"><counter type="INSTRUCTION" missed="3" covered="0"/><counter type="LINE" missed="1" covered="0"/><counter type="COMPLEXITY" missed="1" covered="0"/><counter type="METHOD" missed="1" covered="0"/></method><method name="getUserSubCategoryList" desc="()Ljava/util/List;" line="87"><counter type="INSTRUCTION" missed="3" covered="0"/><counter type="LINE" missed="1" covered="0"/><counter type="COMPLEXITY" missed="1" covered="0"/><counter type="METHOD" missed="1" covered="0"/></method><counter type="INSTRUCTION" missed="388" covered="0"/><counter type="BRANCH" missed="4" covered="0"/><counter type="LINE" missed="89" covered="0"/><counter type="COMPLEXITY" missed="36" covered="0"/><counter type="METHOD" missed="34" covered="0"/><counter type="CLASS" missed="1" covered="0"/></class><class name="com/ssafy/drinkus/user/domain/UserRepository" sourcefilename="UserRepository.java"/><class name="com/ssafy/drinkus/user/domain/UserSubCategoryRepository" sourcefilename="UserSubCategoryRepository.java"/><class name="com/ssafy/drinkus/user/domain/UserSubCategory" sourcefilename="UserSubCategory.java"><method name="createUserInterest" desc="(Lcom/ssafy/drinkus/user/domain/User;Lcom/ssafy/drinkus/category/domain/SubCategory;)Lcom/ssafy/drinkus/user/domain/UserSubCategory;" line="31"><counter type="INSTRUCTION" missed="12" covered="0"/><counter type="LINE" missed="4" covered="0"/><counter type="COMPLEXITY" missed="1" covered="0"/><counter type="METHOD" missed="1" covered="0"/></method><method name="&lt;init&gt;" desc="()V" line="12"><counter type="INSTRUCTION" missed="3" covered="0"/><counter type="LINE" missed="1" covered="0"/><counter type="COMPLEXITY" missed="1" covered="0"/><counter type="METHOD" missed="1" covered="0"/></method><method name="&lt;init&gt;" desc="(Ljava/lang/Long;Lcom/ssafy/drinkus/category/domain/SubCategory;Lcom/ssafy/drinkus/user/domain/User;)V" line="13"><counter type="INSTRUCTION" missed="12" covered="0"/><counter type="LINE" missed="1" covered="0"/><counter type="COMPLEXITY" missed="1" covered="0"/><counter type="METHOD" missed="1" covered="0"/></method><method name="getUserSubCategoryId" desc="()Ljava/lang/Long;" line="19"><counter type="INSTRUCTION" missed="3" covered="0"/><counter type="LINE" missed="1" covered="0"/><counter type="COMPLEXITY" missed="1" covered="0"/><counter type="METHOD" missed="1" covered="0"/></method><method name="getSubCategory" desc="()Lcom/ssafy/drinkus/category/domain/SubCategory;" line="23"><counter type="INSTRUCTION" missed="3" covered="0"/><counter type="LINE" missed="1" covered="0"/><counter type="COMPLEXITY" missed="1" covered="0"/><counter type="METHOD" missed="1" covered="0"/></method><method name="getUser" desc="()Lcom/ssafy/drinkus/user/domain/User;" line="27"><counter type="INSTRUCTION" missed="3" covered="0"/><counter type="LINE" missed="1" covered="0"/><counter type="COMPLEXITY" missed="1" covered="0"/><counter type="METHOD" missed="1" covered="0"/></method><counter type="INSTRUCTION" missed="36" covered="0"/><counter type="LINE" missed="9" covered="0"/><counter type="COMPLEXITY" missed="6" covered="0"/><counter type="METHOD" missed="6" covered="0"/><counter type="CLASS" missed="1" covered="0"/></class><sourcefile name="UserSubCategoryRepository.java"/><sourcefile name="User.java"><line nr="27" mi="2" ci="0" mb="0" cb="0"/><line nr="28" mi="75" ci="0" mb="0" cb="0"/><line nr="35" mi="3" ci="0" mb="0" cb="0"/><line nr="37" mi="3" ci="0" mb="0" cb="0"/><line nr="39" mi="3" ci="0" mb="0" cb="0"/><line nr="41" mi="3" ci="0" mb="0" cb="0"/><line nr="43" mi="3" ci="0" mb="0" cb="0"/><line nr="45" mi="3" ci="0" mb="0" cb="0"/><line nr="47" mi="3" ci="0" mb="0" cb="0"/><line nr="49" mi="3" ci="0" mb="0" cb="0"/><line nr="51" mi="3" ci="0" mb="0" cb="0"/><line nr="53" mi="3" ci="0" mb="0" cb="0"/><line nr="55" mi="3" ci="0" mb="0" cb="0"/><line nr="57" mi="3" ci="0" mb="0" cb="0"/><line nr="60" mi="3" ci="0" mb="0" cb="0"/><line nr="63" mi="3" ci="0" mb="0" cb="0"/><line nr="66" mi="3" ci="0" mb="0" cb="0"/><line nr="68" mi="3" ci="0" mb="0" cb="0"/><line nr="70" mi="3" ci="0" mb="0" cb="0"/><line nr="72" mi="3" ci="0" mb="0" cb="0"/><line nr="74" mi="3" ci="0" mb="0" cb="0"/><line nr="76" mi="3" ci="0" mb="0" cb="0"/><line nr="78" mi="3" ci="0" mb="0" cb="0"/><line nr="80" mi="10" ci="0" mb="0" cb="0"/><line nr="81" mi="3" ci="0" mb="0" cb="0"/><line nr="83" mi="10" ci="0" mb="0" cb="0"/><line nr="84" mi="3" ci="0" mb="0" cb="0"/><line nr="86" mi="11" ci="0" mb="0" cb="0"/><line nr="87" mi="3" ci="0" mb="0" cb="0"/><line nr="91" mi="3" ci="0" mb="0" cb="0"/><line nr="92" mi="1" ci="0" mb="0" cb="0"/><line nr="93" mi="5" ci="0" mb="0" cb="0"/><line nr="94" mi="1" ci="0" mb="0" cb="0"/><line nr="95" mi="4" ci="0" mb="0" cb="0"/><line nr="96" mi="4" ci="0" mb="0" cb="0"/><line nr="97" mi="3" ci="0" mb="0" cb="0"/><line nr="98" mi="4" ci="0" mb="0" cb="0"/><line nr="99" mi="4" ci="0" mb="0" cb="0"/><line nr="100" mi="4" ci="0" mb="0" cb="0"/><line nr="102" mi="1" ci="0" mb="0" cb="0"/><line nr="107" mi="4" ci="0" mb="0" cb="0"/><line nr="108" mi="2" ci="0" mb="0" cb="0"/><line nr="109" mi="3" ci="0" mb="0" cb="0"/><line nr="110" mi="3" ci="0" mb="0" cb="0"/><line nr="111" mi="3" ci="0" mb="0" cb="0"/><line nr="112" mi="3" ci="0" mb="0" cb="0"/><line nr="113" mi="3" ci="0" mb="0" cb="0"/><line nr="114" mi="3" ci="0" mb="0" cb="0"/><line nr="115" mi="3" ci="0" mb="0" cb="0"/><line nr="116" mi="2" ci="0" mb="0" cb="0"/><line nr="121" mi="4" ci="0" mb="0" cb="0"/><line nr="122" mi="2" ci="0" mb="0" cb="0"/><line nr="123" mi="3" ci="0" mb="0" cb="0"/><line nr="124" mi="3" ci="0" mb="0" cb="0"/><line nr="125" mi="3" ci="0" mb="0" cb="0"/><line nr="126" mi="3" ci="0" mb="0" cb="0"/><line nr="127" mi="3" ci="0" mb="0" cb="0"/><line nr="128" mi="3" ci="0" mb="0" cb="0"/><line nr="129" mi="2" ci="0" mb="0" cb="0"/><line nr="135" mi="3" ci="0" mb="0" cb="0"/><line nr="136" mi="3" ci="0" mb="0" cb="0"/><line nr="137" mi="3" ci="0" mb="0" cb="0"/><line nr="138" mi="3" ci="0" mb="0" cb="0"/><line nr="139" mi="3" ci="0" mb="0" cb="0"/><line nr="140" mi="3" ci="0" mb="0" cb="0"/><line nr="141" mi="1" ci="0" mb="0" cb="0"/><line nr="145" mi="3" ci="0" mb="0" cb="0"/><line nr="146" mi="1" ci="0" mb="0" cb="0"/><line nr="150" mi="9" ci="0" mb="0" cb="0"/><line nr="151" mi="1" ci="0" mb="0" cb="0"/><line nr="155" mi="8" ci="0" mb="0" cb="0"/><line nr="156" mi="1" ci="0" mb="0" cb="0"/><line nr="160" mi="5" ci="0" mb="0" cb="0"/><line nr="162" mi="4" ci="0" mb="0" cb="0"/><line nr="163" mi="3" ci="0" mb="0" cb="0"/><line nr="164" mi="4" ci="0" mb="0" cb="0"/><line nr="165" mi="3" ci="0" mb="0" cb="0"/><line nr="166" mi="3" ci="0" mb="0" cb="0"/><line nr="169" mi="4" ci="0" mb="2" cb="0"/><line nr="170" mi="11" ci="0" mb="0" cb="0"/><line nr="172" mi="9" ci="0" mb="0" cb="0"/><line nr="175" mi="4" ci="0" mb="0" cb="0"/><line nr="177" mi="5" ci="0" mb="2" cb="0"/><line nr="178" mi="5" ci="0" mb="0" cb="0"/><line nr="181" mi="2" ci="0" mb="0" cb="0"/><line nr="182" mi="2" ci="0" mb="0" cb="0"/><line nr="183" mi="6" ci="0" mb="0" cb="0"/><line nr="184" mi="5" ci="0" mb="0" cb="0"/><line nr="185" mi="2" ci="0" mb="0" cb="0"/><counter type="INSTRUCTION" missed="388" covered="0"/><counter type="BRANCH" missed="4" covered="0"/><counter type="LINE" missed="89" covered="0"/><counter type="COMPLEXITY" missed="36" covered="0"/><counter type="METHOD" missed="34" covered="0"/><counter type="CLASS" missed="1" covered="0"/></sourcefile><sourcefile name="UserSubCategory.java"><line nr="12" mi="3" ci="0" mb="0" cb="0"/><line nr="13" mi="12" ci="0" mb="0" cb="0"/><line nr="19" mi="3" ci="0" mb="0" cb="0"/><line nr="23" mi="3" ci="0" mb="0" cb="0"/><line nr="27" mi="3" ci="0" mb="0" cb="0"/><line nr="31" mi="4" ci="0" mb="0" cb="0"/><line nr="32" mi="3" ci="0" mb="0" cb="0"/><line nr="33" mi="3" ci="0" mb="0" cb="0"/><line nr="34" mi="2" ci="0" mb="0" cb="0"/><counter type="INSTRUCTION" missed="36" covered="0"/><counter type="LINE" missed="9" covered="0"/><counter type="COMPLEXITY" missed="6" covered="0"/><counter type="METHOD" missed="6" covered="0"/><counter type="CLASS" missed="1" covered="0"/></sourcefile><sourcefile name="UserRepository.java"/><counter type="INSTRUCTION" missed="424" covered="0"/><counter type="BRANCH" missed="4" covered="0"/><counter type="LINE" missed="98" covered="0"/><counter type="COMPLEXITY" missed="42" covered="0"/><counter type="METHOD" missed="40" covered="0"/><counter type="CLASS" missed="2" covered="0"/></package><counter type="INSTRUCTION" missed="1412" covered="0"/><counter type="BRANCH" missed="4" covered="0"/><counter type="LINE" missed="311" covered="0"/><counter type="COMPLEXITY" missed="161" covered="0"/><counter type="METHOD" missed="159" covered="0"/><counter type="CLASS" missed="19" covered="0"/></report>